MPASM  5.51                    PWM_DENEME.ASM   10-11-2018  13:23:56         PAGE  1


LOC  OBJECT CODE     LINE SOURCE TEXT
  VALUE

                      00001 #include                        <PIC16F877A.INC>
                      00001         LIST
                      00002 ; P16F877A.INC  Standard Header File, Version 1.00    Microchip Technology, Inc.
                      00400         LIST
Warning[205]: Found directive in column 1. (__config)
2007   3F31           00002 __config                        H'3F31'
                      00003 
  00000021            00004 AN0_SONUC       EQU             0X0021
  00000022            00005 AC                      EQU             0X0022
  00000023            00006 KAPA            EQU             0X0023
  00000024            00007 GECIKSAY1       EQU             0X0024
                      00008 
                      00009 
Warning[205]: Found directive in column 1. (ORG)
0000                  00010 ORG                     0X0000
Warning[203]: Found opcode in column 1. (GOTO)
0000   280B           00011 GOTO            AYAR
                      00012 
Warning[205]: Found directive in column 1. (ORG)
0004                  00013 ORG                     0X0004
Warning[203]: Found opcode in column 1. (GOTO)
0004   280A           00014 GOTO            KESME
                      00015 
Warning[205]: Found directive in column 1. (ORG)
0009                  00016 ORG                     0X0009
Warning[203]: Found opcode in column 1. (GOTO)
0009   2812           00017 GOTO            MAIN
                      00018 
000A                  00019 KESME
Warning[203]: Found opcode in column 1. (RETFIE)
000A   0009           00020 RETFIE
                      00021 
000B                  00022 AYAR
000B   1683           00023         BSF                     STATUS,RP0
000C   3002           00024         MOVLW           0X02    
Message[302]: Register in operand not in bank 0.  Ensure that bank bits are correct.
000D   0085           00025         MOVWF           TRISA   
Message[302]: Register in operand not in bank 0.  Ensure that bank bits are correct.
000E   019F           00026         CLRF            ADCON1
Message[302]: Register in operand not in bank 0.  Ensure that bank bits are correct.
000F   0187           00027         CLRF            TRISC
0010   1283           00028         BCF                     STATUS,RP0
                      00029 
0011   2812           00030         GOTO            MAIN
                      00031 
0012                  00032 MAIN
0012   30C9           00033         MOVLW           B'11001001'
0013   009F           00034         MOVWF           ADCON0
0014   2025           00035         CALL            US125GECIK
0015   151F           00036         BSF                     ADCON0,2
0016   191F           00037         BTFSC           ADCON0,2
0017   2816           00038         GOTO            $-1
0018   081E           00039         MOVF            ADRESH,W
MPASM  5.51                    PWM_DENEME.ASM   10-11-2018  13:23:56         PAGE  2


LOC  OBJECT CODE     LINE SOURCE TEXT
  VALUE

0019   00A2           00040         MOVWF           AC
001A   00A1           00041         MOVWF           AN0_SONUC
001B   3C64           00042         SUBLW           D'100'
001C   00A3           00043         MOVWF           KAPA
001D   1507           00044         BSF                     PORTC,2
Message[305]: Using default destination of 1 (file).
001E   0AA2           00045         INCF            AC
Warning[207]: Found label after column 1. (ACIK)
001F                  00046         ACIK
Message[305]: Using default destination of 1 (file).
001F   0BA2           00047                 DECFSZ          AC
0020   281F           00048                 GOTO            ACIK
0021   1107           00049                 BCF                     PORTC,2
Warning[207]: Found label after column 1. (KAPALI)
0022                  00050         KAPALI
Message[305]: Using default destination of 1 (file).
0022   0BA3           00051                 DECFSZ          KAPA
0023   2822           00052                 GOTO            KAPALI
0024   2812           00053         GOTO            MAIN
                      00054 
                      00055 ;------------------GECIKME------------------
                      00056 
0025                  00057 US125GECIK                                              ;125 MÝKRO SANÝYE GECÝKME
0025   300C           00058                 MOVLW           0X0C
0026   00A4           00059                 MOVWF           GECIKSAY1
0027                  00060 GEC1    
0027   0BA4           00061                 DECFSZ          GECIKSAY1,F
0028   2827           00062                 GOTO            GEC1
0029   0008           00063                 RETURN
                      00064 
                      00065 
Warning[205]: Found directive in column 1. (END)
                      00066 END
MPASM  5.51                    PWM_DENEME.ASM   10-11-2018  13:23:56         PAGE  3


SYMBOL TABLE
  LABEL                             VALUE 

AC                                00000022
ACIK                              0000001F
ACKDT                             00000005
ACKEN                             00000004
ACKSTAT                           00000006
ADCON0                            0000001F
ADCON1                            0000009F
ADCS0                             00000006
ADCS1                             00000007
ADCS2                             00000006
ADDEN                             00000003
ADFM                              00000007
ADIE                              00000006
ADIF                              00000006
ADON                              00000000
ADRESH                            0000001E
ADRESL                            0000009E
AN0_SONUC                         00000021
AYAR                              0000000B
BCLIE                             00000003
BCLIF                             00000003
BF                                00000000
BRGH                              00000002
C                                 00000000
C1INV                             00000004
C1OUT                             00000006
C2INV                             00000005
C2OUT                             00000007
CCP1CON                           00000017
CCP1IE                            00000002
CCP1IF                            00000002
CCP1M0                            00000000
CCP1M1                            00000001
CCP1M2                            00000002
CCP1M3                            00000003
CCP1X                             00000005
CCP1Y                             00000004
CCP2CON                           0000001D
CCP2IE                            00000000
CCP2IF                            00000000
CCP2M0                            00000000
CCP2M1                            00000001
CCP2M2                            00000002
CCP2M3                            00000003
CCP2X                             00000005
CCP2Y                             00000004
CCPR1H                            00000016
CCPR1L                            00000015
CCPR2H                            0000001C
CCPR2L                            0000001B
CHS0                              00000003
CHS1                              00000004
CHS2                              00000005
MPASM  5.51                    PWM_DENEME.ASM   10-11-2018  13:23:56         PAGE  4


SYMBOL TABLE
  LABEL                             VALUE 

CIS                               00000003
CKE                               00000006
CKP                               00000004
CM0                               00000000
CM1                               00000001
CM2                               00000002
CMCON                             0000009C
CMIE                              00000006
CMIF                              00000006
CREN                              00000004
CSRC                              00000007
CVR0                              00000000
CVR1                              00000001
CVR2                              00000002
CVR3                              00000003
CVRCON                            0000009D
CVREN                             00000007
CVROE                             00000006
CVRR                              00000005
D                                 00000005
DATA_ADDRESS                      00000005
DC                                00000001
D_A                               00000005
EEADR                             0000010D
EEADRH                            0000010F
EECON1                            0000018C
EECON2                            0000018D
EEDATA                            0000010C
EEDATH                            0000010E
EEIE                              00000004
EEIF                              00000004
EEPGD                             00000007
F                                 00000001
FERR                              00000002
FSR                               00000004
GCEN                              00000007
GEC1                              00000027
GECIKSAY1                         00000024
GIE                               00000007
GO                                00000002
GO_DONE                           00000002
I2C_DATA                          00000005
I2C_READ                          00000002
I2C_START                         00000003
I2C_STOP                          00000004
IBF                               00000007
IBOV                              00000005
INDF                              00000000
INTCON                            0000000B
INTE                              00000004
INTEDG                            00000006
INTF                              00000001
IRP                               00000007
MPASM  5.51                    PWM_DENEME.ASM   10-11-2018  13:23:56         PAGE  5


SYMBOL TABLE
  LABEL                             VALUE 

KAPA                              00000023
KAPALI                            00000022
KESME                             0000000A
MAIN                              00000012
NOT_A                             00000005
NOT_ADDRESS                       00000005
NOT_BO                            00000000
NOT_BOR                           00000000
NOT_DONE                          00000002
NOT_PD                            00000003
NOT_POR                           00000001
NOT_RBPU                          00000007
NOT_RC8                           00000006
NOT_T1SYNC                        00000002
NOT_TO                            00000004
NOT_TX8                           00000006
NOT_W                             00000002
NOT_WRITE                         00000002
OBF                               00000006
OERR                              00000001
OPTION_REG                        00000081
P                                 00000004
PCFG0                             00000000
PCFG1                             00000001
PCFG2                             00000002
PCFG3                             00000003
PCL                               00000002
PCLATH                            0000000A
PCON                              0000008E
PEIE                              00000006
PEN                               00000002
PIE1                              0000008C
PIE2                              0000008D
PIR1                              0000000C
PIR2                              0000000D
PORTA                             00000005
PORTB                             00000006
PORTC                             00000007
PORTD                             00000008
PORTE                             00000009
PR2                               00000092
PS0                               00000000
PS1                               00000001
PS2                               00000002
PSA                               00000003
PSPIE                             00000007
PSPIF                             00000007
PSPMODE                           00000004
R                                 00000002
RBIE                              00000003
RBIF                              00000000
RC8_9                             00000006
RC9                               00000006
MPASM  5.51                    PWM_DENEME.ASM   10-11-2018  13:23:56         PAGE  6


SYMBOL TABLE
  LABEL                             VALUE 

RCD8                              00000000
RCEN                              00000003
RCIE                              00000005
RCIF                              00000005
RCREG                             0000001A
RCSTA                             00000018
RD                                00000000
READ_WRITE                        00000002
RP0                               00000005
RP1                               00000006
RSEN                              00000001
RX9                               00000006
RX9D                              00000000
R_W                               00000002
S                                 00000003
SEN                               00000000
SMP                               00000007
SPBRG                             00000099
SPEN                              00000007
SREN                              00000005
SSPADD                            00000093
SSPBUF                            00000013
SSPCON                            00000014
SSPCON2                           00000091
SSPEN                             00000005
SSPIE                             00000003
SSPIF                             00000003
SSPM0                             00000000
SSPM1                             00000001
SSPM2                             00000002
SSPM3                             00000003
SSPOV                             00000006
SSPSTAT                           00000094
STATUS                            00000003
SYNC                              00000004
T0CS                              00000005
T0IE                              00000005
T0IF                              00000002
T0SE                              00000004
T1CKPS0                           00000004
T1CKPS1                           00000005
T1CON                             00000010
T1INSYNC                          00000002
T1OSCEN                           00000003
T1SYNC                            00000002
T2CKPS0                           00000000
T2CKPS1                           00000001
T2CON                             00000012
TMR0                              00000001
TMR0IE                            00000005
TMR0IF                            00000002
TMR1CS                            00000001
TMR1H                             0000000F
MPASM  5.51                    PWM_DENEME.ASM   10-11-2018  13:23:56         PAGE  7


SYMBOL TABLE
  LABEL                             VALUE 

TMR1IE                            00000000
TMR1IF                            00000000
TMR1L                             0000000E
TMR1ON                            00000000
TMR2                              00000011
TMR2IE                            00000001
TMR2IF                            00000001
TMR2ON                            00000002
TOUTPS0                           00000003
TOUTPS1                           00000004
TOUTPS2                           00000005
TOUTPS3                           00000006
TRISA                             00000085
TRISB                             00000086
TRISC                             00000087
TRISD                             00000088
TRISE                             00000089
TRISE0                            00000000
TRISE1                            00000001
TRISE2                            00000002
TRMT                              00000001
TX8_9                             00000006
TX9                               00000006
TX9D                              00000000
TXD8                              00000000
TXEN                              00000005
TXIE                              00000004
TXIF                              00000004
TXREG                             00000019
TXSTA                             00000098
UA                                00000001
US125GECIK                        00000025
W                                 00000000
WCOL                              00000007
WR                                00000001
WREN                              00000002
WRERR                             00000003
Z                                 00000002
_BODEN_OFF                        00003FBF
_BODEN_ON                         00003FFF
_CPD_OFF                          00003FFF
_CPD_ON                           00003EFF
_CP_ALL                           00001FFF
_CP_OFF                           00003FFF
_DEBUG_OFF                        00003FFF
_DEBUG_ON                         000037FF
_HS_OSC                           00003FFE
_LP_OSC                           00003FFC
_LVP_OFF                          00003F7F
_LVP_ON                           00003FFF
_PWRTE_OFF                        00003FFF
_PWRTE_ON                         00003FF7
_RC_OSC                           00003FFF
MPASM  5.51                    PWM_DENEME.ASM   10-11-2018  13:23:56         PAGE  8


SYMBOL TABLE
  LABEL                             VALUE 

_WDT_OFF                          00003FFB
_WDT_ON                           00003FFF
_WRT_1FOURTH                      00003BFF
_WRT_256                          00003DFF
_WRT_HALF                         000039FF
_WRT_OFF                          00003FFF
_XT_OSC                           00003FFD
__16F877A                         00000001
__DEBUG                           1


MEMORY USAGE MAP ('X' = Used,  '-' = Unused)

0000 : X---X----XXXXXXX XXXXXXXXXXXXXXXX XXXXXXXXXX------ ----------------
2000 : -------X-------- ---------------- ---------------- ----------------

All other memory blocks unused.

Program Memory Words Used:    35
Program Memory Words Free:  8157


Errors   :     0
Warnings :    11 reported,     0 suppressed
Messages :     6 reported,     0 suppressed

